Filename                                                                      Regions    Missed Regions     Cover   Functions  Missed Functions  Executed       Lines      Missed Lines     Cover    Branches   Missed Branches     Cover
-----------------------------------------------------------------------------------------------------------------------------------------------------------------------------------------------------------------------------------------
fuzz/fuzz_targets/serialization_roundtrip_for_messages.rs                          30                 0   100.00%           1                 0   100.00%          16                 0   100.00%           0                 0         -
sv2/binary-sv2/src/codec/decodable.rs                                             242                67    72.31%          13                 4    69.23%         114                28    75.44%           0                 0         -
sv2/binary-sv2/src/codec/encodable.rs                                             157                72    54.14%           5                 2    60.00%          62                31    50.00%           0                 0         -
sv2/binary-sv2/src/codec/impls.rs                                                 560               260    53.57%         112                50    55.36%         420               210    50.00%           0                 0         -
sv2/binary-sv2/src/codec/mod.rs                                                     9                 3    66.67%           3                 1    66.67%           9                 3    66.67%           0                 0         -
sv2/binary-sv2/src/datatypes/copy_data_types.rs                                    76                39    48.68%          14                 8    42.86%          55                29    47.27%           0                 0         -
sv2/binary-sv2/src/datatypes/mod.rs                                                18                 9    50.00%           2                 1    50.00%          10                 5    50.00%           0                 0         -
sv2/binary-sv2/src/datatypes/non_copy_data_types/inner.rs                         240               135    43.75%          25                12    52.00%         183               113    38.25%           0                 0         -
sv2/binary-sv2/src/datatypes/non_copy_data_types/mod.rs                           321               115    64.17%          28                 7    75.00%         194                58    70.10%           0                 0         -
sv2/binary-sv2/src/datatypes/non_copy_data_types/seq_inner.rs                     349               198    43.27%          49                37    24.49%         233               124    46.78%           0                 0         -
sv2/binary-sv2/src/lib.rs                                                          47                47     0.00%           6                 6     0.00%          25                25     0.00%           0                 0         -
sv2/subprotocols/common-messages/src/channel_endpoint_changed.rs                    5                 1    80.00%           2                 1    50.00%           4                 1    75.00%           0                 0         -
sv2/subprotocols/common-messages/src/reconnect.rs                                  12                 6    50.00%           3                 2    33.33%           9                 4    55.56%           0                 0         -
sv2/subprotocols/common-messages/src/setup_connection.rs                          153                91    40.52%          20                10    50.00%         109                61    44.04%           0                 0         -
sv2/subprotocols/job-declaration/src/allocate_mining_job_token.rs                  14                 2    85.71%           4                 2    50.00%          12                 2    83.33%           0                 0         -
sv2/subprotocols/job-declaration/src/declare_mining_job.rs                         21                 3    85.71%           6                 3    50.00%          18                 3    83.33%           0                 0         -
sv2/subprotocols/job-declaration/src/provide_missing_transactions.rs               10                 2    80.00%           4                 2    50.00%          10                 2    80.00%           0                 0         -
sv2/subprotocols/job-declaration/src/push_solution.rs                               5                 1    80.00%           2                 1    50.00%           5                 1    80.00%           0                 0         -
sv2/subprotocols/mining/src/close_channel.rs                                        7                 1    85.71%           2                 1    50.00%           6                 1    83.33%           0                 0         -
sv2/subprotocols/mining/src/lib.rs                                                281               281     0.00%          28                28     0.00%         235               235     0.00%           0                 0         -
sv2/subprotocols/mining/src/new_mining_job.rs                                      40                32    20.00%          10                 8    20.00%          28                20    28.57%           0                 0         -
sv2/subprotocols/mining/src/open_channel.rs                                        84                58    30.95%          18                13    27.78%          74                51    31.08%           0                 0         -
sv2/subprotocols/mining/src/set_custom_mining_job.rs                               21                 3    85.71%           6                 3    50.00%          17                 3    82.35%           0                 0         -
sv2/subprotocols/mining/src/set_extranonce_prefix.rs                                5                 1    80.00%           2                 1    50.00%           5                 1    80.00%           0                 0         -
sv2/subprotocols/mining/src/set_group_channel.rs                                    5                 1    80.00%           2                 1    50.00%           5                 1    80.00%           0                 0         -
sv2/subprotocols/mining/src/set_new_prev_hash.rs                                    5                 1    80.00%           2                 1    50.00%           5                 1    80.00%           0                 0         -
sv2/subprotocols/mining/src/set_target.rs                                           5                 1    80.00%           2                 1    50.00%           5                 1    80.00%           0                 0         -
sv2/subprotocols/mining/src/submit_shares.rs                                       34                16    52.94%          12                 8    33.33%          33                16    51.52%           0                 0         -
sv2/subprotocols/mining/src/update_channel.rs                                      12                 2    83.33%           4                 2    50.00%          11                 2    81.82%           0                 0         -
sv2/subprotocols/template-distribution/src/coinbase_output_constraints.rs           5                 1    80.00%           2                 1    50.00%           5                 1    80.00%           0                 0         -
sv2/subprotocols/template-distribution/src/new_template.rs                          7                 1    85.71%           2                 1    50.00%           6                 1    83.33%           0                 0         -
sv2/subprotocols/template-distribution/src/request_transaction_data.rs             17                 3    82.35%           6                 3    50.00%          16                 3    81.25%           0                 0         -
sv2/subprotocols/template-distribution/src/set_new_prev_hash.rs                     5                 1    80.00%           2                 1    50.00%           5                 1    80.00%           0                 0         -
sv2/subprotocols/template-distribution/src/submit_solution.rs                       5                 1    80.00%           2                 1    50.00%           5                 1    80.00%           0                 0         -
-----------------------------------------------------------------------------------------------------------------------------------------------------------------------------------------------------------------------------------------
TOTAL                                                                            2807              1455    48.17%         401               223    44.39%        1949              1039    46.69%           0                 0         -
